TagLib: Could not open file /data/챕혺쨀채쨔혨/A Thousand Years [XeUYMrGmLPw].mp3
TagLib: Could not open file /data/챕혺쨀채쨔혨/Nothing Left Between Us [33uKSODjvDo].mp3
TagLib: Could not open file /data/챕혺쨀채쨔혨/Nothing Left Between Us [33uKSODjvDo].mp3
TagLib: Could not open file /data/챕혺쨀채쨔혨/Nothing Left Between Us [33uKSODjvDo].mp3
TagLib: Could not open file /data/챕혺쨀채쨔혨/Nothing Left Between Us [33uKSODjvDo].mp3
TagLib: Could not open file /data/챕혺쨀채쨔혨/Nothing Left Between Us [33uKSODjvDo].mp3
TagLib: Could not open file /data/챕혺쨀채쨔혨/Nothing Left Between Us [33uKSODjvDo].mp3
TagLib: Could not open file /data/챕혺쨀채쨔혨/Nothing Left Between Us [33uKSODjvDo].mp3
TagLib: Could not open file /data/챕혺쨀채쨔혨/Nothing Left Between Us [33uKSODjvDo].mp3
TagLib: Could not open file /data/챕혺쨀채쨔혨/Nothing Left Between Us [33uKSODjvDo].mp3
TagLib: Could not open file /data/챕혺쨀채쨔혨/Nothing Left Between Us [33uKSODjvDo].mp3
TagLib: Could not open file /data/챕혺쨀채쨔혨/Nothing Left Between Us [33uKSODjvDo].mp3
TagLib: Could not open file /data/챕혺쨀채쨔혨/Nothing Left Between Us [33uKSODjvDo].mp3
TagLib: Could not open file /data/챕혺쨀채쨔혨/Nothing Left Between Us [33uKSODjvDo].mp3
TagLib: Could not open file /data/챕혺쨀채쨔혨/Nothing Left Between Us [33uKSODjvDo].mp3
TagLib: Could not open file /data/챕혺쨀채쨔혨/Nothing Left Between Us [33uKSODjvDo].mp3
TagLib: Could not open file /data/챕혺쨀채쨔혨/Nothing Left Between Us [33uKSODjvDo].mp3
TagLib: Could not open file /data/챕혺쨀채쨔혨/Nothing Left Between Us [33uKSODjvDo].mp3
TagLib: Could not open file /data/챕혺쨀채쨔혨/Nothing Left Between Us [33uKSODjvDo].mp3
TagLib: Could not open file /data/챕혺쨀채쨔혨/Nothing Left Between Us [33uKSODjvDo].mp3
TagLib: Could not open file /data/챕혺쨀채쨔혨/Nothing Left Between Us [33uKSODjvDo].mp3
TagLib: Could not open file /data/챕혺쨀채쨔혨/Nothing Left Between Us [33uKSODjvDo].mp3
TagLib: Could not open file /data/챕혺쨀채쨔혨/Nothing Left Between Us [33uKSODjvDo].mp3
TagLib: Could not open file /data/챕혺쨀채쨔혨/Nothing Left Between Us [33uKSODjvDo].mp3
TagLib: Could not open file /data/챕혺쨀채쨔혨/[Piano Cover] 채쨔혚챌혺쨀챔짰혫 Joe Hisaishi - 챔혧혡챈짭징챕혘혦챌혳혙책짚혧책짚짤.mp3
TagLib: Could not open file /home/ivhu/챕혺쨀채쨔혨/챈짯혦챈혵혥 [CL-9JJqp0Dg].mp3
TagLib: Could not open file /home/ivhu/챕혺쨀채쨔혨/챈짯혦챈혵혥 [CL-9JJqp0Dg].mp3
TagLib: Could not open file /home/ivhu/챕혺쨀채쨔혨/챈짯혦챈혵혥 [CL-9JJqp0Dg].mp3
TagLib: Could not open file /home/ivhu/챕혺쨀채쨔혨/챈짯혦챈혵혥 [CL-9JJqp0Dg].mp3
TagLib: Could not open file /home/ivhu/챕혺쨀채쨔혨/챈짯혦챈혵혥 [CL-9JJqp0Dg].mp3
TagLib: Could not open file /home/ivhu/챕혺쨀채쨔혨/챈짯혦챈혵혥 [CL-9JJqp0Dg].mp3
TagLib: MP4: Unknown covr format 208
